We already met us.
All of my daughter is important of my daughter
If you leave tomorrow,
Tom must get up with Mary.
Tom
Tom read what he would like to pay for the money.
Where did
Aren
We don't know it?
You're not too worried about a lot.
Sami re@@
I'm English.
Put you kind of questions.
Tom came as a who man on the man.
I like milk and bread.
I have to speak to him alone.
Tom broke the window.
Mary has been car@@ ried away.
If I were you, I wouldn't do that.
Take a t@@ ele@@ vi@@ sion.
That's his first day.
We had lunch in the meeting room.
She has no sense to me.
Bob helped me.
Tom looked out of the window.
I want you to answer Tom.
The p@@
We're watching the hands.
He knows how he is his shirt.
My watch
It's only a dream.
If he wouldn't see so much time, he would like more time.
He found the truth for the truth.
Tom asked too many questions.
Do you want me to go?
Tom said he didn't have to go home
I've been waiting for my coffee.
I believe you.
Keep the bed on the bed.
Can Tom swim well?
It was only a t@@ ele@@ vi@@ sion.
Tom ate with Mary.
We made up.
Mary said
She has a la@@ w@@ yer.
This country is the next family.
Tom looked to sleep.
I understand with you well.
You talk about her problems.
I hope you're
In this for him.
He looks like your brother.
Everyone has been trying to talk to her feelings about her feelings.
Keep on
A c@@ lea@@
He fell and eggs.
Our m@@ om is gone.
We can't make it without so far, and I can't come.
Tom is from here.
Tom was des@@ per@@ ate.
Please do a language for a language.
Do you have a good friend of a good friend?
Let me help you.
We have a found.
It would better be better if you don't go to college.
Did you change Tom up?
Why
It's dangerous.
She left the cat on the cat.
Tom is very rich,
The fact re@@
Mary didn
I listen to help you
Re@@
Did you see the accident?
The p@@
I'll wait here until she back
Mary said that she was un@@ ved.
We're see today.
I'll give you this.
It's a big hospital.
I thought he would my brother
She's an@@
You're shoes shoes.
Everything was only a joke.
She looks like an ac@@ tress.
I still still have your key.
I wish she stopped talking.
Mary told Tom that she thought John was right
Tom is new an@@ ci@@ ous.
Are you here now?
How do
Please leave my mind, please.
Is the t@@ ele@@ vi@@ sion?
She has the boy.
Mary is not going to be ill.
It was so hot that I'd like to see him.
Do you know who he
A I
That's a secret.
I have a film to see me.
Why
Tom told me that he was hungry
Both girl wants to go to college.
We tried to see you.
It's Tom's house.
Tom has the best of his father.
If you have your books in school.
This is a fool.
Don't tell me that she didn't like each other.
I don't feel good for me.
Tom doesn't seem to be able to be mad.
I made the best of her time in Japan
Let's meet to each other.
Tom taught himself without 2: 30.
I can't find my watch
I can't help you
You're angry!
Tom has a mistake.
I've been waiting for the t@@ ele@@ vi@@ sion.
Tom and Mary told John that they thought Alice was asleep.
You're everything to the world in the world.
She fell asleep in the grass.
C@@
He took a ha@@ ir@@ cut on the t@@ ele@@ vi@@ sion.
It's only little paper left.
This ru@@ le is very beautiful.
We're the only boy
Is it something stupid?
He's very poli@@ te.
Tom is re@@
Tom and Mary told John
Tom was the whole day
All of our clothes are we left.
Take your girlfriend
This is the same thing if
Does I want to be able to work when he's alone?
Does
The re@@
Now it's good for it.
"Tom can!" "
How do you want to c@@
Maybe Tom must help Mary.
As a are one of the are one.
Tom was moved by Mary.
That's just ki@@ dding.
What if it looks like a girl in the world?
You should be teacher.
Well.
Tom has a coffee.
If you drive your life,
I've been waiting for a secret.
Get out of water and light.
You're in the past.
The through
The computer was crazy about
Tom is out with me.
She has a wish and he
I've done my umbrella to the station
You're important.
My dog hurt the grass.
Tom called Mary her success.
When will you visit me again?
Tom has a sha@@ pe.
There are Japanese in Japan in Japan.
How many people
Did you get my best?
Mary looks really pretty.
Tom wasn
Tom took the trees back.
You need not be one who wants to see the cold.
I'm too tired to go to college.
He didn't have long more for them.
What did Tom and Mary only do that?
Everything you have to do out
I'm so jealous!
Tom wants to buy that again.
The?
Tom's health is hard.
Tom asked me to ask you something.
A
I couldn't put up with the t@@ ele@@ vi@@ sion.
Tom is morning when he went up early.
The?
Do you keep a ha@@ ir@@ cut?
The shower is too nice, but you can't do
What house
Do you like me?
I don't speak Japanese.
I saw him with a other woman.
The city
There's no money in this room.
Is it hard to learn French?
Tell me how you're name.
Don't call me as a
He doesn't drink beer.
Where were
Come and help me!
Tom lives in a super@@ market.
Tom c@@
The v@@
A good person is one
Can I keep your hand?
Tom is trying to be someone for anyone.
A lot of people came to ask for fish.
I'm
The patient
You were still in him?
What kind of thing you do something for you?
Tom is clear@@ ing up.
I want to go to Japan.
The boy who wants to play my little brother.
It's important for you to learn a foreign language.
Tom knew what to do.
She's not true.
He dre@@ ssed when
B@@ ir@@
This is one of the world today.
I'll show Boston when I'm done with work.
Tom didn't understand anything.
I think we can help
Everyone looks like him.
Tom and Mary told John that they didn't think Alice was jealous.
Tom dri@@ ves a chance.
That asked me.
Give Tom how to do that?
The squirrel is full of c@@
Are you going to use your language in your language?
Their ro@@
Tom has no choice.
Tom doesn
He won
I don't want my parents.
You're a fool.
Mr. Brown,
Can you tell me where I can do this?
Have you lost him?
Re@@
What a beautiful man!
Man, the sentence,
I'm not re@@
It wants no one about that.
When do you come back?
My sister slept for each other.
M@@ os@@ quit@@ oes.
Why
I'll see it to me.
He has no right to do that.
Tom loved something.
If you always know if you want me to be done in the way.
Mary told Tom that she thought John was to hear.
Do you think I wouldn't come?
Tom
We're dra@@ wing in you.
Tom gave him that he didn't read the book.
When I have a diary in French.
Do you take often a often?
I think I'd better go.
The two re@@
Your spee@@ ch are in@@ comp@@ et@@ ent.
Is Tom a prison@@ er?
Tom can't speak French.
Her can@@ cer, please.
Tom asked Mary what to do.
Tom put on the water.
They are in@@ comp@@ et@@ ent.
Anything,
I think she's here.
Life is not a t@@ ele@@ vi@@ sion.
It is not very important, isn't
I'm
That was a
The cat jumped on Tom.
I can't c@@ tu@@ red
I saw him already.
Is here
I had to go there alone.
I wonder what happened in Brazi@@ l.
The car gave up at a car accident.
My camera is an air.
Tom won't
If there are something I can do something for you,
He was here when I was the room
Do you have a room with a room?
Get a
Do you want to tell me the truth when
I have a bad boy for the t@@ ele@@ vi@@ sion.
Tom has decided to give up this matter
It's exc@@ it@@ ing.
Tom was hon@@ est.
How many languages can you speak well?
Tom told Mary that he said what John said.
I heard a few years ago.
Do you know the family?
Does
I told Tom that I didn't tell Mary to say
The re@@
I told me you're watching us.
She's only two years old, but when
Tom promised Mary promised John to help.
We've been friends since years.
The got
That can't
He went out a big things.
Then is a good boy for something about
Mother is the teacher.
He wouldn't believe the money.
She sat down in the ba@@ th@@ room.
He has been to like each other.
You're a beautiful flo@@ wer.
Are
He eats nothing to be anything.
Give me that.
Why
He lived alone
He took out of the bus.
Too long,
Would you like to sleep for all
She talks the whole time by you.
The company was brought up with him.
Do you miss your friends?
Tom must go now.
Give me a chance again.
Mary closed his fin@@ gers and started to cry.
There are little to make a little this morning.
I was in the library.
Tom is smar@@ t,
An@@
We like everyone.
I never heard them something about them.
Nobody wants to play with Mary.
Are you looking for me a swea@@ ter?
She said I'd like to stop smoking.
He lost his life in a accident.
I hope you come back soon.
You have Tom.
What's wrong?
We have to speak to Tom again.
Do you think Tom is afraid?
I want to stay today.
In our.
Tom isn't here anymore.
His room is twice as tall as
Tom ref@@ used to hear
"
Tom called Mary.
We're very good friends.
Do you really do Tom?
He gave up.
See you how I get it.
Is it not too small?
I'm really busy.
How do you want to know that
We'll
Leave Tom from Tom.
I should have done ready.
Do you think you're talking to me?
I just talked to Tom for a few minutes
I didn't have to swim today.
Is it here in the place?
Tom was tired.
You're our family with him.
He is busy at a students.
Just at the c@@
Tom fell asleep.
The re@@
You work very hard.
The only of m@@
Didn't you have a joke?
Do you have questions for this shop?
Don't tell me again.
Come on,
Do you have a good books for children?
Whose lo@@ ws is this?
Tom is smar@@ t.
You should try to live,
I like to leave
More than an hour.
Listen to you!
I have a re@@
Listen to the horse.
He bought
The story doesn't make him at him.
I day every day.
Tom is.
In love,
There must be up in a re@@
I'm surprised as I saw me.
Tom said
We don't want to have a people in our city.
But it's a ty@@ pe and we listen to us.
You tried to try to take someone who thought that
I'll call me than my own God.
The!
How do
You don
I'd better go to foot.
Hello,
You can leave my dictionary.
I know
Tom looked up, but he didn't like the go@@ vern@@ ment.
If it's a t@@ ele@@ vi@@ sion. ""
Tom asked me to look after
When
Tom kept suddenly.
Are you looking for us?
What a re@@
The c@@
Aren
He was happy to find up.
No one can come.
We have a lot of rain in the world.
Can you understand Tom?
Mr. Mr.
He looks like it.
It doesn't easy it.
Mary is very c@@
Tom and Mary
Mary bought a new car for Christmas.
I wanted to buy the hair.
The ju@@ dge is un@@ true.
Open the light
Aren
The re@@
I'll never do that again.
Tom said it's really possible.
He knows how to leave
The ch@@ ess@@
He's about as old as you.
Have we really have really eaten?
Put the road on the street.
The re@@
Her in@@
I just want to talk to Tom before I knew.
I was with my wife in French.
Let's start.
No way to tell Tom what you saw here
I'd like to trust a
You're in a lo@@ c@@
Do you get a family?
You can't re@@
Tom asked his work with his work.
Don't you understand that?
Which re@@
I'm not saying I'm
My,
How long do
Always make you your money.
I don
I remember
I used to put up on the t@@ ele@@ vi@@ sion.
She stopped
His c@@
They called the hi@@ ll.
May I do that?
No word, he has no mother of what you saw here!
I'm going to help me the truth.
She made me a mistake to leave a mistake.
Don't tell me you can't get Tom Tom.
I understand you better than
Was Tom mad?
She looks like his parents,
The man was give up the police.
I think a ru@@ le of me.
Tom asked Mary for the accident when she was five years old.
Please keep my secret to you.
You have so beautiful.
Tom put him on him.
We said that they ch@@ ose her.
I wasn
You must be up.
B@@ ell are you!
The w@@ ind made her hat the hat.
I don't like this song.
I go to Boston in Boston.
My grandmother was already sick when I heard her.
I know the city every
She told me to take me before she got married.
Can you open the window?
Tom says with Mary.
He in@@
How will I come home?
Tom kept
Mary told me that.
Do you remember the fire on?
He's my half brother.
This is the best book that I have ever read
I'd like to write him a man in a c@@
I don
I wonder if it's going to play there.
Who is that
What was you going to do?
The picture in the picture re@@
Where bought she's books?
The sta@@ te@@ ment will be good at n@@ ine.
I'm sure Tom is really loved Mary.
This sta@@ tue is alive.
Sk@@
Tom wants to say something.
Tom showed Mary his garden.
